#
# There is insufficient memory for the Java Runtime Environment to continue.
# Native memory allocation (malloc) failed to allocate 1048576 bytes for AllocateHeap
# Possible reasons:
#   The system is out of physical RAM or swap space
#   The process is running with CompressedOops enabled, and the Java Heap may be blocking the growth of the native heap
# Possible solutions:
#   Reduce memory load on the system
#   Increase physical memory or swap space
#   Check if swap backing store is full
#   Decrease Java heap size (-Xmx/-Xms)
#   Decrease number of Java threads
#   Decrease Java thread stack sizes (-Xss)
#   Set larger code cache with -XX:ReservedCodeCacheSize=
#   JVM is running with Unscaled Compressed Oops mode in which the Java heap is
#     placed in the first 4GB address space. The Java Heap base address is the
#     maximum limit for the native heap growth. Please use -XX:HeapBaseMinAddress
#     to set the Java Heap base and to place the Java Heap above 4GB virtual address.
# This output file may be truncated or incomplete.
#
#  Out of Memory Error (./open/src/hotspot/share/memory/allocation.cpp:44), pid=25300, tid=25360
#
# JRE version:  (15.0.1+9) (build )
# Java VM: OpenJDK 64-Bit Server VM (15.0.1+9-18, mixed mode, sharing, tiered, compressed oops, g1 gc, windows-amd64)
# No core dump will be written. Minidumps are not enabled by default on client versions of Windows
#

---------------  S U M M A R Y ------------

Command Line: -Dfile.encoding=Cp1252 -XX:+ShowCodeDetailsInExceptionMessages bascicPrograms.Scannerdatatype

Host: Intel(R) Core(TM) i5-7200U CPU @ 2.50GHz, 4 cores, 7G,  Windows 10 , 64 bit Build 19041 (10.0.19041.1706)
Time: Sun May 15 11:14:51 2022 India Standard Time elapsed time: 0.047941 seconds (0d 0h 0m 0s)

---------------  T H R E A D  ---------------

Current thread (0x0000027317bedfb0):  JavaThread "Unknown thread" [_thread_in_vm, id=25360, stack(0x0000009284100000,0x0000009284200000)]

Stack: [0x0000009284100000,0x0000009284200000]
Native frames: (J=compiled Java code, j=interpreted, Vv=VM code, C=native code)
V  [jvm.dll+0x62ae9a]
V  [jvm.dll+0x781389]
V  [jvm.dll+0x782ae3]
V  [jvm.dll+0x783143]
V  [jvm.dll+0x216265]
V  [jvm.dll+0x8eb72]
V  [jvm.dll+0x2a2824]
V  [jvm.dll+0x75e0cc]
V  [jvm.dll+0x3343e4]
V  [jvm.dll+0x73e826]
V  [jvm.dll+0x3b7777]
V  [jvm.dll+0x3b9201]
C  [jli.dll+0x52fb]
C  [ucrtbase.dll+0x21bb2]
C  [KERNEL32.DLL+0x17034]
C  [ntdll.dll+0x52651]


---------------  P R O C E S S  ---------------

Threads class SMR info:
_java_thread_list=0x00007fff38e74ff0, length=0, elements={
}

Java Threads: ( => current thread )

Other Threads:

=>0x0000027317bedfb0 (exited) JavaThread "Unknown thread" [_thread_in_vm, id=25360, stack(0x0000009284100000,0x0000009284200000)]

Threads with active compile tasks:

VM state: not at safepoint (not fully initialized)

VM Mutex/Monitor currently owned by a thread: None

Heap address: 0x0000000000000000, size: 0 MB, Compressed Oops mode: 32-bit
CDS archive(s) mapped at: [0x0000000000000000-0x0000000000000000-0x0000000000000000), size 0, SharedBaseAddress: 0x0000000800000000, ArchiveRelocationMode: 0.
Narrow klass base: 0x0000000000000000, Narrow klass shift: 0, Narrow klass range: 0x0

GC Heap History (0 events):
No events

Deoptimization events (0 events):
No events

Classes unloaded (0 events):
No events

Classes redefined (0 events):
No events

Internal exceptions (0 events):
No events

Events (1 events):
Event: 0.008 Loaded shared library C:\Users\tulasi\Downloads\eclipse-java-2020-12-R-win32-x86_64\eclipse\plugins\org.eclipse.justj.openjdk.hotspot.jre.full.win32.x86_64_15.0.1.v20201027-0507\jre\bin\java.dll


Dynamic libraries:
0x00007ff6ebe30000 - 0x00007ff6ebe3d000 	C:\Users\tulasi\Downloads\eclipse-java-2020-12-R-win32-x86_64\eclipse\plugins\org.eclipse.justj.openjdk.hotspot.jre.full.win32.x86_64_15.0.1.v20201027-0507\jre\bin\javaw.exe
0x00007fff960f0000 - 0x00007fff962e5000 	C:\WINDOWS\SYSTEM32\ntdll.dll
0x00007fff94220000 - 0x00007fff942dd000 	C:\WINDOWS\System32\KERNEL32.DLL
0x00007fff93c20000 - 0x00007fff93eed000 	C:\WINDOWS\System32\KERNELBASE.dll
0x00007fff93800000 - 0x00007fff93900000 	C:\WINDOWS\System32\ucrtbase.dll
0x00007fff876e0000 - 0x00007fff876f9000 	C:\Users\tulasi\Downloads\eclipse-java-2020-12-R-win32-x86_64\eclipse\plugins\org.eclipse.justj.openjdk.hotspot.jre.full.win32.x86_64_15.0.1.v20201027-0507\jre\bin\VCRUNTIME140.dll
0x00007fff8efe0000 - 0x00007fff8eff8000 	C:\Users\tulasi\Downloads\eclipse-java-2020-12-R-win32-x86_64\eclipse\plugins\org.eclipse.justj.openjdk.hotspot.jre.full.win32.x86_64_15.0.1.v20201027-0507\jre\bin\jli.dll
0x00007fff95f10000 - 0x00007fff960b0000 	C:\WINDOWS\System32\USER32.dll
0x00007fff89110000 - 0x00007fff893aa000 	C:\WINDOWS\WinSxS\amd64_microsoft.windows.common-controls_6595b64144ccf1df_6.0.19041.1110_none_60b5254171f9507e\COMCTL32.dll
0x00007fff93a40000 - 0x00007fff93a62000 	C:\WINDOWS\System32\win32u.dll
0x00007fff95310000 - 0x00007fff9533a000 	C:\WINDOWS\System32\GDI32.dll
0x00007fff94930000 - 0x00007fff949ce000 	C:\WINDOWS\System32\msvcrt.dll
0x00007fff93900000 - 0x00007fff93a0b000 	C:\WINDOWS\System32\gdi32full.dll
0x00007fff94050000 - 0x00007fff940ed000 	C:\WINDOWS\System32\msvcp_win.dll
0x00007fff95340000 - 0x00007fff95370000 	C:\WINDOWS\System32\IMM32.DLL
0x00007fff8f8c0000 - 0x00007fff8f8cc000 	C:\Users\tulasi\Downloads\eclipse-java-2020-12-R-win32-x86_64\eclipse\plugins\org.eclipse.justj.openjdk.hotspot.jre.full.win32.x86_64_15.0.1.v20201027-0507\jre\bin\vcruntime140_1.dll
0x00007fff728a0000 - 0x00007fff72931000 	C:\Users\tulasi\Downloads\eclipse-java-2020-12-R-win32-x86_64\eclipse\plugins\org.eclipse.justj.openjdk.hotspot.jre.full.win32.x86_64_15.0.1.v20201027-0507\jre\bin\msvcp140.dll
0x00007fff383b0000 - 0x00007fff38f0e000 	C:\Users\tulasi\Downloads\eclipse-java-2020-12-R-win32-x86_64\eclipse\plugins\org.eclipse.justj.openjdk.hotspot.jre.full.win32.x86_64_15.0.1.v20201027-0507\jre\bin\server\jvm.dll
0x00007fff942e0000 - 0x00007fff9438e000 	C:\WINDOWS\System32\ADVAPI32.dll
0x00007fff94420000 - 0x00007fff944bc000 	C:\WINDOWS\System32\sechost.dll
0x00007fff957f0000 - 0x00007fff95915000 	C:\WINDOWS\System32\RPCRT4.dll
0x00007fff95e70000 - 0x00007fff95e78000 	C:\WINDOWS\System32\PSAPI.DLL
0x00007fff84350000 - 0x00007fff84359000 	C:\WINDOWS\SYSTEM32\WSOCK32.dll
0x00007fff87c50000 - 0x00007fff87c77000 	C:\WINDOWS\SYSTEM32\WINMM.dll
0x00007fff949d0000 - 0x00007fff94a3b000 	C:\WINDOWS\System32\WS2_32.dll
0x00007fff8d930000 - 0x00007fff8d93a000 	C:\WINDOWS\SYSTEM32\VERSION.dll
0x00007fff923d0000 - 0x00007fff923e2000 	C:\WINDOWS\SYSTEM32\kernel.appcore.dll
0x00007fff87820000 - 0x00007fff8782a000 	C:\Users\tulasi\Downloads\eclipse-java-2020-12-R-win32-x86_64\eclipse\plugins\org.eclipse.justj.openjdk.hotspot.jre.full.win32.x86_64_15.0.1.v20201027-0507\jre\bin\jimage.dll
0x00007fff92030000 - 0x00007fff92214000 	C:\WINDOWS\SYSTEM32\DBGHELP.DLL
0x00007fff843c0000 - 0x00007fff843ec000 	C:\WINDOWS\SYSTEM32\dbgcore.DLL
0x00007fff93a70000 - 0x00007fff93af2000 	C:\WINDOWS\System32\bcryptPrimitives.dll
0x00007fff74c70000 - 0x00007fff74c95000 	C:\Users\tulasi\Downloads\eclipse-java-2020-12-R-win32-x86_64\eclipse\plugins\org.eclipse.justj.openjdk.hotspot.jre.full.win32.x86_64_15.0.1.v20201027-0507\jre\bin\java.dll

dbghelp: loaded successfully - version: 4.0.5 - missing functions: none
symbol engine: initialized successfully - sym options: 0x614 - pdb path: .;C:\Users\tulasi\Downloads\eclipse-java-2020-12-R-win32-x86_64\eclipse\plugins\org.eclipse.justj.openjdk.hotspot.jre.full.win32.x86_64_15.0.1.v20201027-0507\jre\bin;C:\WINDOWS\SYSTEM32;C:\WINDOWS\WinSxS\amd64_microsoft.windows.common-controls_6595b64144ccf1df_6.0.19041.1110_none_60b5254171f9507e;C:\Users\tulasi\Downloads\eclipse-java-2020-12-R-win32-x86_64\eclipse\plugins\org.eclipse.justj.openjdk.hotspot.jre.full.win32.x86_64_15.0.1.v20201027-0507\jre\bin\server

VM Arguments:
jvm_args: -Dfile.encoding=Cp1252 -XX:+ShowCodeDetailsInExceptionMessages 
java_command: bascicPrograms.Scannerdatatype
java_class_path (initial): C:\Users\tulasi\eclipse-workspace\ERPPMC\bin
Launcher Type: SUN_STANDARD

[Global flags]
     intx CICompilerCount                          = 3                                         {product} {ergonomic}
     uint ConcGCThreads                            = 1                                         {product} {ergonomic}
     uint G1ConcRefinementThreads                  = 4                                         {product} {ergonomic}
   size_t G1HeapRegionSize                         = 1048576                                   {product} {ergonomic}
    uintx GCDrainStackTargetSize                   = 64                                        {product} {ergonomic}
   size_t InitialHeapSize                          = 132120576                                 {product} {ergonomic}
   size_t MarkStackSize                            = 4194304                                   {product} {ergonomic}
   size_t MaxHeapSize                              = 2113929216                                {product} {ergonomic}
   size_t MinHeapDeltaBytes                        = 1048576                                   {product} {ergonomic}
   size_t MinHeapSize                              = 8388608                                   {product} {ergonomic}
    uintx NonNMethodCodeHeapSize                   = 5832780                                {pd product} {ergonomic}
    uintx NonProfiledCodeHeapSize                  = 122912730                              {pd product} {ergonomic}
    uintx ProfiledCodeHeapSize                     = 122912730                              {pd product} {ergonomic}
    uintx ReservedCodeCacheSize                    = 251658240                              {pd product} {ergonomic}
     bool SegmentedCodeCache                       = true                                      {product} {ergonomic}
     bool ShowCodeDetailsInExceptionMessages       = true                                   {manageable} {command line}
   size_t SoftMaxHeapSize                          = 2113929216                             {manageable} {ergonomic}
     bool UseCompressedClassPointers               = true                                 {lp64_product} {ergonomic}
     bool UseCompressedOops                        = true                                 {lp64_product} {ergonomic}
     bool UseG1GC                                  = true                                      {product} {ergonomic}
     bool UseLargePagesIndividualAllocation        = false                                  {pd product} {ergonomic}

Logging:
Log output configuration:
 #0: stdout all=warning uptime,level,tags
 #1: stderr all=off uptime,level,tags

Environment Variables:
PATH=C:/Users/tulasi/Downloads/eclipse-java-2020-12-R-win32-x86_64/eclipse//plugins/org.eclipse.justj.openjdk.hotspot.jre.full.win32.x86_64_15.0.1.v20201027-0507/jre/bin/server;C:/Users/tulasi/Downloads/eclipse-java-2020-12-R-win32-x86_64/eclipse//plugins/org.eclipse.justj.openjdk.hotspot.jre.full.win32.x86_64_15.0.1.v20201027-0507/jre/bin;C:\oracle\product\10.2.0\db_2\bin;C:\Program Files\Java\jdk-17.0.2\bin;C:\Users\tulasi\AppData\Local\Microsoft\WindowsApps;C:\MinGW\bin;;C:\Users\tulasi\AppData\Local\Programs\Microsoft VS Code\bin;C:\Users\tulasi\Downloads\eclipse-java-2020-12-R-win32-x86_64\eclipse;
USERNAME=tulasi
OS=Windows_NT
PROCESSOR_IDENTIFIER=Intel64 Family 6 Model 142 Stepping 9, GenuineIntel



---------------  S Y S T E M  ---------------

OS:
 Windows 10 , 64 bit Build 19041 (10.0.19041.1706)
OS uptime: 1 days 15:33 hours

CPU: total 4 (initial active 4) (2 cores per cpu, 2 threads per core) family 6 model 142 stepping 9 microcode 0xec, cmov, cx8, fxsr, mmx, sse, sse2, sse3, ssse3, sse4.1, sse4.2, popcnt, vzeroupper, avx, avx2, aes, clmul, erms, 3dnowpref, lzcnt, ht, tsc, tscinvbit, bmi1, bmi2, adx, fma, clflush, clflushopt

Memory: 4k page, system-wide physical 8061M (1072M free)
TotalPageFile size 32637M (AvailPageFile size 5M)
current process WorkingSet (physical memory assigned to process): 9M, peak: 9M
current process commit charge ("private bytes"): 12M, peak: 12M

vm_info: OpenJDK 64-Bit Server VM (15.0.1+9-18) for windows-amd64 JRE (15.0.1+9-18), built on Sep 15 2020 14:39:31 by "mach5one" with unknown MS VC++:1925

END.
